started 80

events.js:72
        throw er; // Unhandled 'error' event
              ^
Error: listen EADDRINUSE
    at errnoException (net.js:901:11)
    at Server._listen2 (net.js:1039:14)
    at listen (net.js:1061:10)
    at Server.listen (net.js:1127:5)
    at Function.app.listen (/root/node_modules/express/lib/application.js:535:24)
    at Object.<anonymous> (/root/trends/server.js:9:5)
    at Module._compile (module.js:456:26)
    at Object.Module._extensions..js (module.js:474:10)
    at Module.load (module.js:356:32)
    at Function.Module._load (module.js:312:12)
started 801
started 801
started 801

events.js:72
        throw er; // Unhandled 'error' event
              ^
Error: socket hang up
    at SecurePair.error (tls.js:1013:23)
    at EncryptedStream.CryptoStream._done (tls.js:705:22)
    at CleartextStream.read [as _read] (tls.js:496:24)
    at CleartextStream.Readable.read (_stream_readable.js:320:10)
    at EncryptedStream.onCryptoStreamFinish (tls.js:301:47)
    at EncryptedStream.g (events.js:180:16)
    at EncryptedStream.EventEmitter.emit (events.js:117:20)
    at finishMaybe (_stream_writable.js:354:12)
    at endWritable (_stream_writable.js:361:3)
    at EncryptedStream.Writable.end (_stream_writable.js:339:5)
started 801

events.js:72
        throw er; // Unhandled 'error' event
              ^
Error: socket hang up
    at SecurePair.error (tls.js:1013:23)
    at EncryptedStream.CryptoStream._done (tls.js:705:22)
    at CleartextStream.read [as _read] (tls.js:496:24)
    at CleartextStream.Readable.read (_stream_readable.js:320:10)
    at EncryptedStream.onCryptoStreamFinish (tls.js:301:47)
    at EncryptedStream.g (events.js:180:16)
    at EncryptedStream.EventEmitter.emit (events.js:117:20)
    at finishMaybe (_stream_writable.js:354:12)
    at endWritable (_stream_writable.js:361:3)
    at EncryptedStream.Writable.end (_stream_writable.js:339:5)
started 801

events.js:72
        throw er; // Unhandled 'error' event
              ^
Error: socket hang up
    at createHangUpError (http.js:1472:15)
    at CleartextStream.socketCloseListener (http.js:1522:23)
    at CleartextStream.EventEmitter.emit (events.js:117:20)
    at tls.js:696:10
    at process._tickCallback (node.js:415:13)
